[2024-06-10 15:42:39]    
[2024-06-10 15:42:39]    
[2024-06-10 15:42:39] BEGIN transfer_public to monadicus_delegator 
[2024-06-10 15:42:39]    
[2024-06-10 15:42:39] Balance before transfer: 0Å (0)
[2024-06-10 15:42:39] Transferring 10,000,000Å (10000000000000u64)  
[2024-06-10 15:42:39]   From Private Key:  APrivateKey1zkp8ib2ZLsTSXxEPfwQ89ivgxNzLQ3yjjK2Hpdyc4JadHF9
[2024-06-10 15:42:39]         To Address:  aleo1jslffusy3mfz83smu04vpezs3uzaasrxy5tcupzg69h0cnryac9qe5f5j4 ...
[2024-06-10 15:42:39]    
[2024-06-10 15:42:45] Executed transfer_public 10,000,000Å (10000000000000u64) to aleo1jslffusy3mfz83smu04vpezs3uzaasrxy5tcupzg69h0cnryac9qe5f5j4
[2024-06-10 15:42:45]   monadicus_delegator Transaction:  at1kzc4p8mpeuwlgnxvnr7wsdc83pmmz4hvdgr52n2r3r9nnmemrsfq8nmpcn 
[2024-06-10 15:42:45] Waiting for the transfer to complete...
[2024-06-10 15:42:51] Confirmed balance of 10,000,000Å in address aleo1jslffusy3mfz83smu04vpezs3uzaasrxy5tcupzg69h0cnryac9qe5f5j4
[2024-06-10 15:42:51] Transfer confirmed on-chain.
[2024-06-10 15:42:51] END Transfer to monadicus_delegator 
[2024-06-10 15:42:51]    
[2024-06-10 15:42:51]    
[2024-06-10 15:42:51] BEGIN transfer_public to monadicus_delegator 
[2024-06-10 15:42:51]    
[2024-06-10 15:42:51] Balance before transfer: 10,000,000Å (10000000000000)
[2024-06-10 15:42:52] Transferring 150Å (150000000u64)  
[2024-06-10 15:42:52]   From Private Key:  APrivateKey1zkp8ib2ZLsTSXxEPfwQ89ivgxNzLQ3yjjK2Hpdyc4JadHF9
[2024-06-10 15:42:52]         To Address:  aleo1jslffusy3mfz83smu04vpezs3uzaasrxy5tcupzg69h0cnryac9qe5f5j4 ...
[2024-06-10 15:42:52]    
[2024-06-10 15:42:57] Executed transfer_public 150Å (150000000u64) to aleo1jslffusy3mfz83smu04vpezs3uzaasrxy5tcupzg69h0cnryac9qe5f5j4
[2024-06-10 15:42:57]   monadicus_delegator Transaction:  at1tqy9yyf6gutd6djmeyu2lwgpculput24lxzdwxq37ugphgqcnqgsf3rw2e 
[2024-06-10 15:42:57] Waiting for the transfer to complete...
[2024-06-10 15:43:05] Confirmed balance of 10,000,150Å in address aleo1jslffusy3mfz83smu04vpezs3uzaasrxy5tcupzg69h0cnryac9qe5f5j4
[2024-06-10 15:43:05] Transfer confirmed on-chain.
[2024-06-10 15:43:05] END Transfer to monadicus_delegator 
