[2024-06-10 15:04:30]    
[2024-06-10 15:04:30]    
[2024-06-10 15:04:30] BEGIN transfer_public to monadicus 
[2024-06-10 15:04:30]    
[2024-06-10 15:04:30] Balance before transfer: 0Å (0)
[2024-06-10 15:04:30] Transferring 25,000Å (25000000000)  
[2024-06-10 15:04:30]   From Private Key:  APrivateKey1zkp8ib2ZLsTSXxEPfwQ89ivgxNzLQ3yjjK2Hpdyc4JadHF9
[2024-06-10 15:04:30]         To Address:  aleo1272p6f37vm3gdaahqs06crwz6xv2y7rtex3luyetghf9zchjvgxqv28u2w ...
[2024-06-10 15:04:30]    
[2024-06-10 15:04:30] Executed transfer_public 25,000Å (25000000000) to aleo1272p6f37vm3gdaahqs06crwz6xv2y7rtex3luyetghf9zchjvgxqv28u2w
[2024-06-10 15:04:30]   monadicus Transaction:  ⚠️  Failed to parse string. Parsing Error: VerboseError { errors: [("25000000000", Nom(Tag)), ("25000000000", Nom(Alt))] } 
[2024-06-10 15:04:30] Waiting for the transfer to complete...
[2024-06-10 15:04:58]    
[2024-06-10 15:04:58]    
[2024-06-10 15:04:58] BEGIN transfer_public to monadicus 
[2024-06-10 15:04:58]    
[2024-06-10 15:04:58] Balance before transfer: 0Å (0)
[2024-06-10 15:04:58] Transferring 25,000Å (25000000000u64)  
[2024-06-10 15:04:58]   From Private Key:  APrivateKey1zkp8ib2ZLsTSXxEPfwQ89ivgxNzLQ3yjjK2Hpdyc4JadHF9
[2024-06-10 15:04:58]         To Address:  aleo1272p6f37vm3gdaahqs06crwz6xv2y7rtex3luyetghf9zchjvgxqv28u2w ...
[2024-06-10 15:04:58]    
[2024-06-10 15:05:04] Executed transfer_public 25,000Å (25000000000u64) to aleo1272p6f37vm3gdaahqs06crwz6xv2y7rtex3luyetghf9zchjvgxqv28u2w
[2024-06-10 15:05:04]   monadicus Transaction:  at1ljzkaspfj29puzqjgqcrvfsuzxde37z2g9cawg209gm0zfk88cyq023gwm 
[2024-06-10 15:05:04] Waiting for the transfer to complete...
[2024-06-10 15:05:09] Confirmed balance of 25,000Å in address aleo1272p6f37vm3gdaahqs06crwz6xv2y7rtex3luyetghf9zchjvgxqv28u2w
[2024-06-10 15:05:09] Transfer confirmed on-chain.
[2024-06-10 15:05:09] END Transfer to monadicus 
[2024-06-10 15:39:35]    
[2024-06-10 15:39:35]    
[2024-06-10 15:39:35] BEGIN transfer_public to monadicus 
[2024-06-10 15:39:35]    
[2024-06-10 15:39:36] Balance before transfer: Å25,000 (25000000000)
[2024-06-10 15:39:36] Transferring Å25,000 (25000000000u64)  
[2024-06-10 15:39:36]   From Private Key:  APrivateKey1zkp8ib2ZLsTSXxEPfwQ89ivgxNzLQ3yjjK2Hpdyc4JadHF9
[2024-06-10 15:39:36]         To Address:  aleo1272p6f37vm3gdaahqs06crwz6xv2y7rtex3luyetghf9zchjvgxqv28u2w ...
[2024-06-10 15:39:36]    
[2024-06-10 15:39:42] Executed transfer_public Å25,000 (25000000000u64) to aleo1272p6f37vm3gdaahqs06crwz6xv2y7rtex3luyetghf9zchjvgxqv28u2w
[2024-06-10 15:39:42]   monadicus Transaction:  at1n0g3xzuhq3ramsj7zvvxtlx2j72sf3gnjwswj0hsfk5l3jqw2vxs5rms43 
[2024-06-10 15:39:42] Waiting for the transfer to complete...
[2024-06-10 15:39:46] Confirmed balance of Å50,000 in address aleo1272p6f37vm3gdaahqs06crwz6xv2y7rtex3luyetghf9zchjvgxqv28u2w
[2024-06-10 15:39:46] Transfer confirmed on-chain.
[2024-06-10 15:39:46] END Transfer to monadicus 
[2024-06-10 15:40:26]    
[2024-06-10 15:40:26]    
[2024-06-10 15:40:26] BEGIN transfer_public to monadicus 
[2024-06-10 15:40:26]    
[2024-06-10 15:40:26] Balance before transfer: 50,000Å (50000000000)
[2024-06-10 15:40:26] Transferring 25,000Å (25000000000u64)  
[2024-06-10 15:40:26]   From Private Key:  APrivateKey1zkp8ib2ZLsTSXxEPfwQ89ivgxNzLQ3yjjK2Hpdyc4JadHF9
[2024-06-10 15:40:26]         To Address:  aleo1272p6f37vm3gdaahqs06crwz6xv2y7rtex3luyetghf9zchjvgxqv28u2w ...
[2024-06-10 15:40:26]    
[2024-06-10 15:40:32] Executed transfer_public 25,000Å (25000000000u64) to aleo1272p6f37vm3gdaahqs06crwz6xv2y7rtex3luyetghf9zchjvgxqv28u2w
[2024-06-10 15:40:32]   monadicus Transaction:  at1jv2n3g6lea7xye90a6zkflu754x76kzwyce9wwnawje27d2ufuxqpmhq6u 
[2024-06-10 15:40:32] Waiting for the transfer to complete...
[2024-06-10 15:40:37] Confirmed balance of 75,000Å in address aleo1272p6f37vm3gdaahqs06crwz6xv2y7rtex3luyetghf9zchjvgxqv28u2w
[2024-06-10 15:40:37] Transfer confirmed on-chain.
[2024-06-10 15:40:37] END Transfer to monadicus 
