[2024-06-10 15:42:39]   
[2024-06-10 15:42:39]   
[2024-06-10 15:42:39]  BEGIN New Funding of Delegator for monadicus  
[2024-06-10 15:42:39]   
[2024-06-10 15:42:39] Generating a new delegate address...
[2024-06-10 15:42:39] New delegate address generated.
[2024-06-10 15:42:39]   
[2024-06-10 15:42:39] Extracting the new private key, view key, and address from the output...
[2024-06-10 15:42:39] New private key, view key, and address extracted.
[2024-06-10 15:42:39] Generated new account:
[2024-06-10 15:42:39]   New Delegator Private Key: APrivateKey1zkp9q8yK29Bvr18AvXzAzQaXqtUyQTFoCHyMvbhSVeREnoa
[2024-06-10 15:42:39]   New Delegator View Key: AViewKey1ku6GdVMaP9Kg4Dnd6AArikJrSGLx3WcfHYrfHQyCJJed
[2024-06-10 15:42:39]   New Delegator Address: aleo1jslffusy3mfz83smu04vpezs3uzaasrxy5tcupzg69h0cnryac9qe5f5j4
[2024-06-10 15:42:39] Saving the new delegate key to ./accounts/monadicus_delegate.key...
[2024-06-10 15:42:39] Checking the balance of the funding's account...
[2024-06-10 15:42:39] funding's account balance: 999915839831762
[2024-06-10 15:42:39] Sufficient funds available in the funding's account.
[2024-06-10 15:42:39] Generating a second set of private key, view key, and address using the snarkOS binary...
[2024-06-10 15:42:39] Second set of private key, view key, and address generated.
[2024-06-10 15:42:39] Generated withdraw account:
[2024-06-10 15:42:39]   Delegator Withdraw Private Key: APrivateKey1zkp7xaeTFX4zcuhD5xs6UBfwdk9MVUXabZJkuN9EKU4Q7oW
[2024-06-10 15:42:39]   Delegator Withdraw View Key: AViewKey1jh9nVF58fTksKhQrEHogPq9Zm8veVJjppwKWVuVrgcic
[2024-06-10 15:42:39]   Delegator Withdraw Address: aleo13re02lya0suh3tlau3303xvjkjnscfqhwy7dzs8t7xnzlrkzkypsaf3fka
[2024-06-10 15:42:39] Saving the new delegate withdrawal key to ./accounts/monadicus_delegate_withdraw.key...
[2024-06-10 15:42:39] Transferring 10,000,000Å (10000000000000u64) to the new delegator address...
[2024-06-10 15:42:51] Transfered 10,000,000Å (10000000000000u64) to Delegator address aleo1jslffusy3mfz83smu04vpezs3uzaasrxy5tcupzg69h0cnryac9qe5f5j4.
[2024-06-10 15:42:51] Transferring 150Å (150000000u64) to the new delegator address...
[2024-06-10 15:43:05] Transfered additional 150Å (150000000u64) to Delegator address aleo1jslffusy3mfz83smu04vpezs3uzaasrxy5tcupzg69h0cnryac9qe5f5j4.
[2024-06-10 15:43:05] Transferring 150Å(150000000u64) to the new delegator withdrawal address...
[2024-06-10 15:43:17] Transfered additional 150Å (150000000u64) to delegator withdrawal address aleo13re02lya0suh3tlau3303xvjkjnscfqhwy7dzs8t7xnzlrkzkypsaf3fka
[2024-06-10 15:43:17] Executing the bond_public command...
[2024-06-10 15:43:27]  
[2024-06-10 15:43:27] IMPORTANT!   Do not lose the key files in ./accounts!  Back them up. 
[2024-06-10 15:43:27]  
[2024-06-10 15:43:27] TYPE                | VALUE                                                               | BALANCE 
[2024-06-10 15:43:27] ---------------------------------------------------------------------------------------------------------------
[2024-06-10 15:43:27]  Funding Address    | aleo1r8a69q9z0v67t2w4ut4zamavyr09qr43vk7f584q6wpymg5qvg8scmerq8 | 999,915,839.831762Å (999915839831762) 
[2024-06-10 15:43:27]  Delegator Address  | aleo1jslffusy3mfz83smu04vpezs3uzaasrxy5tcupzg69h0cnryac9qe5f5j4 | 10,000,150Å (10000150000000) 
[2024-06-10 15:43:27]  Withdraw Address   | aleo13re02lya0suh3tlau3303xvjkjnscfqhwy7dzs8t7xnzlrkzkypsaf3fka | 150Å (150000000) 
[2024-06-10 15:43:27] ---------------------------------------------------------------------------------------------------------------
[2024-06-10 15:43:27]       Funding Private Key:  APrivateKey1zkp8ib2ZLsTSXxEPfwQ89ivgxNzLQ3yjjK2Hpdyc4JadHF9 
[2024-06-10 15:43:27]     Delegator Private Key:  APrivateKey1zkp9q8yK29Bvr18AvXzAzQaXqtUyQTFoCHyMvbhSVeREnoa 
[2024-06-10 15:43:27]      Withdraw Private Key:  APrivateKey1zkp7xaeTFX4zcuhD5xs6UBfwdk9MVUXabZJkuN9EKU4Q7oW 
[2024-06-10 15:43:27] ---------------------------------------------------------------------------------------------------------------
[2024-06-10 15:43:27]  Transactions generated and logged: 
[2024-06-10 15:43:27]         Funding Transaction: at1kzc4p8mpeuwlgnxvnr7wsdc83pmmz4hvdgr52n2r3r9nnmemrsfq8nmpcn 
[2024-06-10 15:43:27]             Fee Transaction: at1tqy9yyf6gutd6djmeyu2lwgpculput24lxzdwxq37ugphgqcnqgsf3rw2e 
[2024-06-10 15:43:27]    Withdraw Fee Transaction: at1wte48ave9kwqq4dvzye0z48lfl8cfntjg7s9tlfz5tg536jn059q2auce8 
[2024-06-10 15:43:27]     bond_public Transaction: at13mtf5ta3y74g0m2ycugm3sa3z7pxeusv2x2cfxq37m0efzqfq59qfafvw0 
[2024-06-10 15:43:27]  
[2024-06-10 15:43:27]              Delegator Key in: ./accounts/monadicus_delegate.key
[2024-06-10 15:43:27]     Delegator Withdraw Key in: ./accounts/monadicus_delegate_withdraw.key
[2024-06-10 15:43:27]  
[2024-06-10 15:43:27]     Delegated 10,000,000Å to:  monadicus
[2024-06-10 15:43:27]         Validator Address: aleo1272p6f37vm3gdaahqs06crwz6xv2y7rtex3luyetghf9zchjvgxqv28u2w
[2024-06-10 15:43:27]  
[2024-06-10 15:43:27]  Godspeed.
